[2024-05-28 23:55:54,034] {manager.py:480} INFO - Processing files using up to 2 processes at a time 
[2024-05-28 23:55:54,035] {manager.py:481} INFO - Process each file at most once every 10 seconds
[2024-05-28 23:55:54,037] {manager.py:483} INFO - Checking for new files in /opt/airflow/dags every 300 seconds
[2024-05-28 23:55:54,039] {manager.py:690} INFO - Searching for files in /opt/airflow/dags
[2024-05-28 23:55:54,055] {manager.py:693} INFO - There are 0 files in /opt/airflow/dags
[2024-05-28 23:59:01,444] {manager.py:462} INFO - Exiting gracefully upon receiving signal 15
[2024-05-30 01:23:32,269] {manager.py:480} INFO - Processing files using up to 2 processes at a time 
[2024-05-30 01:23:32,270] {manager.py:481} INFO - Process each file at most once every 10 seconds
[2024-05-30 01:23:32,270] {manager.py:483} INFO - Checking for new files in /opt/airflow/dags every 300 seconds
[2024-05-30 01:23:32,271] {manager.py:690} INFO - Searching for files in /opt/airflow/dags
[2024-05-30 01:23:32,288] {manager.py:693} INFO - There are 1 files in /opt/airflow/dags
[2024-05-30 01:23:32,408] {manager.py:809} INFO - 
================================================================================
DAG File Processing Stats

File Path                               PID  Runtime      # DAGs    # Errors  Last Runtime    Last Run
------------------------------------  -----  ---------  --------  ----------  --------------  ----------
/opt/airflow/dags/dag_entregable3.py    172  0.04s             0           0
================================================================================
[2024-05-30 01:24:02,946] {manager.py:809} INFO - 
================================================================================
DAG File Processing Stats

File Path                             PID    Runtime      # DAGs    # Errors  Last Runtime    Last Run
------------------------------------  -----  ---------  --------  ----------  --------------  -------------------
/opt/airflow/dags/dag_entregable3.py                           0           1  0.24s           2024-05-30T01:23:53
================================================================================
[2024-05-30 01:24:33,605] {manager.py:809} INFO - 
================================================================================
DAG File Processing Stats

File Path                             PID    Runtime      # DAGs    # Errors  Last Runtime    Last Run
------------------------------------  -----  ---------  --------  ----------  --------------  -------------------
/opt/airflow/dags/dag_entregable3.py                           0           1  0.09s           2024-05-30T01:24:23
================================================================================
[2024-05-30 01:25:03,985] {manager.py:809} INFO - 
================================================================================
DAG File Processing Stats

File Path                             PID    Runtime      # DAGs    # Errors  Last Runtime    Last Run
------------------------------------  -----  ---------  --------  ----------  --------------  -------------------
/opt/airflow/dags/dag_entregable3.py                           0           1  0.11s           2024-05-30T01:24:54
================================================================================
[2024-05-30 01:25:28,893] {manager.py:462} INFO - Exiting gracefully upon receiving signal 15
[2024-05-30 01:26:26,441] {manager.py:480} INFO - Processing files using up to 2 processes at a time 
[2024-05-30 01:26:26,442] {manager.py:481} INFO - Process each file at most once every 10 seconds
[2024-05-30 01:26:26,443] {manager.py:483} INFO - Checking for new files in /opt/airflow/dags every 300 seconds
[2024-05-30 01:26:26,443] {manager.py:690} INFO - Searching for files in /opt/airflow/dags
[2024-05-30 01:26:26,481] {manager.py:693} INFO - There are 1 files in /opt/airflow/dags
[2024-05-30 01:26:26,564] {manager.py:809} INFO - 
================================================================================
DAG File Processing Stats

File Path                               PID  Runtime      # DAGs    # Errors  Last Runtime    Last Run
------------------------------------  -----  ---------  --------  ----------  --------------  ----------
/opt/airflow/dags/dag_entregable3.py    172  0.02s             0           0
================================================================================
[2024-05-30 01:26:57,130] {manager.py:809} INFO - 
================================================================================
DAG File Processing Stats

File Path                             PID    Runtime      # DAGs    # Errors  Last Runtime    Last Run
------------------------------------  -----  ---------  --------  ----------  --------------  -------------------
/opt/airflow/dags/dag_entregable3.py                           0           1  0.09s           2024-05-30T01:26:47
================================================================================
[2024-05-30 01:27:27,533] {manager.py:809} INFO - 
================================================================================
DAG File Processing Stats

File Path                             PID    Runtime      # DAGs    # Errors  Last Runtime    Last Run
------------------------------------  -----  ---------  --------  ----------  --------------  -------------------
/opt/airflow/dags/dag_entregable3.py                           0           1  0.10s           2024-05-30T01:27:17
================================================================================
[2024-05-30 01:27:57,961] {manager.py:809} INFO - 
================================================================================
DAG File Processing Stats

File Path                             PID    Runtime      # DAGs    # Errors  Last Runtime    Last Run
------------------------------------  -----  ---------  --------  ----------  --------------  -------------------
/opt/airflow/dags/dag_entregable3.py                           0           1  0.12s           2024-05-30T01:27:48
================================================================================
[2024-05-30 01:28:28,374] {manager.py:809} INFO - 
================================================================================
DAG File Processing Stats

File Path                             PID    Runtime      # DAGs    # Errors  Last Runtime    Last Run
------------------------------------  -----  ---------  --------  ----------  --------------  -------------------
/opt/airflow/dags/dag_entregable3.py                           0           1  0.10s           2024-05-30T01:28:18
================================================================================
[2024-05-30 01:28:58,749] {manager.py:809} INFO - 
================================================================================
DAG File Processing Stats

File Path                             PID    Runtime      # DAGs    # Errors  Last Runtime    Last Run
------------------------------------  -----  ---------  --------  ----------  --------------  -------------------
/opt/airflow/dags/dag_entregable3.py                           0           1  0.10s           2024-05-30T01:28:48
================================================================================
[2024-05-30 01:29:29,162] {manager.py:809} INFO - 
================================================================================
DAG File Processing Stats

File Path                             PID    Runtime      # DAGs    # Errors  Last Runtime    Last Run
------------------------------------  -----  ---------  --------  ----------  --------------  -------------------
/opt/airflow/dags/dag_entregable3.py                           0           1  0.13s           2024-05-30T01:29:19
================================================================================
[2024-05-30 01:29:59,583] {manager.py:809} INFO - 
================================================================================
DAG File Processing Stats

File Path                             PID    Runtime      # DAGs    # Errors  Last Runtime    Last Run
------------------------------------  -----  ---------  --------  ----------  --------------  -------------------
/opt/airflow/dags/dag_entregable3.py                           0           1  0.10s           2024-05-30T01:29:49
================================================================================
[2024-05-30 01:30:29,983] {manager.py:809} INFO - 
================================================================================
DAG File Processing Stats

File Path                             PID    Runtime      # DAGs    # Errors  Last Runtime    Last Run
------------------------------------  -----  ---------  --------  ----------  --------------  -------------------
/opt/airflow/dags/dag_entregable3.py                           0           1  0.10s           2024-05-30T01:30:20
================================================================================
[2024-05-30 01:31:00,374] {manager.py:809} INFO - 
================================================================================
DAG File Processing Stats

File Path                             PID    Runtime      # DAGs    # Errors  Last Runtime    Last Run
------------------------------------  -----  ---------  --------  ----------  --------------  -------------------
/opt/airflow/dags/dag_entregable3.py                           0           1  0.09s           2024-05-30T01:30:50
================================================================================
[2024-05-30 01:31:04,100] {manager.py:462} INFO - Exiting gracefully upon receiving signal 15
[2024-05-30 01:31:35,478] {manager.py:480} INFO - Processing files using up to 2 processes at a time 
[2024-05-30 01:31:35,634] {manager.py:481} INFO - Process each file at most once every 10 seconds
[2024-05-30 01:31:35,708] {manager.py:483} INFO - Checking for new files in /opt/airflow/dags every 300 seconds
[2024-05-30 01:31:35,734] {manager.py:690} INFO - Searching for files in /opt/airflow/dags
[2024-05-30 01:31:35,851] {manager.py:693} INFO - There are 1 files in /opt/airflow/dags
[2024-05-30 01:31:36,077] {manager.py:809} INFO - 
================================================================================
DAG File Processing Stats

File Path                               PID  Runtime      # DAGs    # Errors  Last Runtime    Last Run
------------------------------------  -----  ---------  --------  ----------  --------------  ----------
/opt/airflow/dags/dag_entregable3.py    172  0.04s             0           0
================================================================================
[2024-05-30 01:32:06,497] {manager.py:809} INFO - 
================================================================================
DAG File Processing Stats

File Path                             PID    Runtime      # DAGs    # Errors  Last Runtime    Last Run
------------------------------------  -----  ---------  --------  ----------  --------------  -------------------
/opt/airflow/dags/dag_entregable3.py                           0           1  0.11s           2024-05-30T01:31:56
================================================================================
[2024-05-30 01:32:36,916] {manager.py:809} INFO - 
================================================================================
DAG File Processing Stats

File Path                             PID    Runtime      # DAGs    # Errors  Last Runtime    Last Run
------------------------------------  -----  ---------  --------  ----------  --------------  -------------------
/opt/airflow/dags/dag_entregable3.py                           0           1  0.09s           2024-05-30T01:32:26
================================================================================
[2024-05-30 01:33:07,406] {manager.py:809} INFO - 
================================================================================
DAG File Processing Stats

File Path                             PID    Runtime      # DAGs    # Errors  Last Runtime    Last Run
------------------------------------  -----  ---------  --------  ----------  --------------  -------------------
/opt/airflow/dags/dag_entregable3.py                           0           1  0.09s           2024-05-30T01:32:57
================================================================================
[2024-05-30 01:33:37,808] {manager.py:809} INFO - 
================================================================================
DAG File Processing Stats

File Path                             PID    Runtime      # DAGs    # Errors  Last Runtime    Last Run
------------------------------------  -----  ---------  --------  ----------  --------------  -------------------
/opt/airflow/dags/dag_entregable3.py                           0           1  0.09s           2024-05-30T01:33:27
================================================================================
[2024-05-30 01:34:08,194] {manager.py:809} INFO - 
================================================================================
DAG File Processing Stats

File Path                             PID    Runtime      # DAGs    # Errors  Last Runtime    Last Run
------------------------------------  -----  ---------  --------  ----------  --------------  -------------------
/opt/airflow/dags/dag_entregable3.py                           0           1  0.11s           2024-05-30T01:33:58
================================================================================
[2024-05-30 01:34:34,565] {manager.py:462} INFO - Exiting gracefully upon receiving signal 15
[2024-05-30 01:35:01,700] {manager.py:480} INFO - Processing files using up to 2 processes at a time 
[2024-05-30 01:35:01,701] {manager.py:481} INFO - Process each file at most once every 10 seconds
[2024-05-30 01:35:01,702] {manager.py:483} INFO - Checking for new files in /opt/airflow/dags every 300 seconds
[2024-05-30 01:35:01,703] {manager.py:690} INFO - Searching for files in /opt/airflow/dags
[2024-05-30 01:35:01,724] {manager.py:693} INFO - There are 1 files in /opt/airflow/dags
[2024-05-30 01:35:01,806] {manager.py:809} INFO - 
================================================================================
DAG File Processing Stats

File Path                               PID  Runtime      # DAGs    # Errors  Last Runtime    Last Run
------------------------------------  -----  ---------  --------  ----------  --------------  ----------
/opt/airflow/dags/dag_entregable3.py    172  0.02s             0           0
================================================================================
[2024-05-30 01:35:31,923] {manager.py:809} INFO - 
================================================================================
DAG File Processing Stats

File Path                             PID    Runtime      # DAGs    # Errors  Last Runtime    Last Run
------------------------------------  -----  ---------  --------  ----------  --------------  -------------------
/opt/airflow/dags/dag_entregable3.py                           0           1  0.54s           2024-05-30T01:35:25
================================================================================
[2024-05-30 01:35:42,601] {manager.py:462} INFO - Exiting gracefully upon receiving signal 15
[2024-05-30 01:39:03,696] {manager.py:480} INFO - Processing files using up to 2 processes at a time 
[2024-05-30 01:39:03,697] {manager.py:481} INFO - Process each file at most once every 10 seconds
[2024-05-30 01:39:03,700] {manager.py:483} INFO - Checking for new files in /opt/airflow/dags every 300 seconds
[2024-05-30 01:39:03,701] {manager.py:690} INFO - Searching for files in /opt/airflow/dags
[2024-05-30 01:39:03,738] {manager.py:693} INFO - There are 1 files in /opt/airflow/dags
[2024-05-30 01:39:03,819] {manager.py:809} INFO - 
================================================================================
DAG File Processing Stats

File Path                               PID  Runtime      # DAGs    # Errors  Last Runtime    Last Run
------------------------------------  -----  ---------  --------  ----------  --------------  ----------
/opt/airflow/dags/dag_entregable3.py    172  0.02s             0           0
================================================================================
[2024-05-30 01:39:33,901] {manager.py:809} INFO - 
================================================================================
DAG File Processing Stats

File Path                             PID    Runtime      # DAGs    # Errors  Last Runtime    Last Run
------------------------------------  -----  ---------  --------  ----------  --------------  -------------------
/opt/airflow/dags/dag_entregable3.py                           0           1  0.58s           2024-05-30T01:39:25
================================================================================
[2024-05-30 01:40:04,556] {manager.py:809} INFO - 
================================================================================
DAG File Processing Stats

File Path                             PID    Runtime      # DAGs    # Errors  Last Runtime    Last Run
------------------------------------  -----  ---------  --------  ----------  --------------  -------------------
/opt/airflow/dags/dag_entregable3.py                           0           1  0.62s           2024-05-30T01:39:57
================================================================================
[2024-05-30 01:40:34,684] {manager.py:809} INFO - 
================================================================================
DAG File Processing Stats

File Path                             PID    Runtime      # DAGs    # Errors  Last Runtime    Last Run
------------------------------------  -----  ---------  --------  ----------  --------------  -------------------
/opt/airflow/dags/dag_entregable3.py                           0           1  0.50s           2024-05-30T01:40:29
================================================================================
[2024-05-30 01:41:05,325] {manager.py:809} INFO - 
================================================================================
DAG File Processing Stats

File Path                             PID    Runtime      # DAGs    # Errors  Last Runtime    Last Run
------------------------------------  -----  ---------  --------  ----------  --------------  -------------------
/opt/airflow/dags/dag_entregable3.py                           0           1  0.58s           2024-05-30T01:41:01
================================================================================
[2024-05-30 01:41:35,784] {manager.py:809} INFO - 
================================================================================
DAG File Processing Stats

File Path                             PID    Runtime      # DAGs    # Errors  Last Runtime    Last Run
------------------------------------  -----  ---------  --------  ----------  --------------  -------------------
/opt/airflow/dags/dag_entregable3.py                           0           1  0.54s           2024-05-30T01:41:33
================================================================================
[2024-05-30 01:42:05,987] {manager.py:809} INFO - 
================================================================================
DAG File Processing Stats

File Path                             PID    Runtime      # DAGs    # Errors  Last Runtime    Last Run
------------------------------------  -----  ---------  --------  ----------  --------------  -------------------
/opt/airflow/dags/dag_entregable3.py                           0           1  0.54s           2024-05-30T01:42:05
================================================================================
[2024-05-30 01:42:22,189] {manager.py:462} INFO - Exiting gracefully upon receiving signal 15
[2024-05-30 01:44:10,742] {manager.py:480} INFO - Processing files using up to 2 processes at a time 
[2024-05-30 01:44:10,743] {manager.py:481} INFO - Process each file at most once every 10 seconds
[2024-05-30 01:44:10,744] {manager.py:483} INFO - Checking for new files in /opt/airflow/dags every 300 seconds
[2024-05-30 01:44:10,745] {manager.py:690} INFO - Searching for files in /opt/airflow/dags
[2024-05-30 01:44:10,799] {manager.py:693} INFO - There are 1 files in /opt/airflow/dags
[2024-05-30 01:44:11,015] {manager.py:809} INFO - 
================================================================================
DAG File Processing Stats

File Path                               PID  Runtime      # DAGs    # Errors  Last Runtime    Last Run
------------------------------------  -----  ---------  --------  ----------  --------------  ----------
/opt/airflow/dags/dag_entregable3.py    172  0.07s             0           0
================================================================================
[2024-05-30 01:44:41,377] {manager.py:809} INFO - 
================================================================================
DAG File Processing Stats

File Path                             PID    Runtime      # DAGs    # Errors  Last Runtime    Last Run
------------------------------------  -----  ---------  --------  ----------  --------------  -------------------
/opt/airflow/dags/dag_entregable3.py                           0           1  0.56s           2024-05-30T01:44:33
================================================================================
[2024-05-30 01:45:11,765] {manager.py:809} INFO - 
================================================================================
DAG File Processing Stats

File Path                             PID    Runtime      # DAGs    # Errors  Last Runtime    Last Run
------------------------------------  -----  ---------  --------  ----------  --------------  -------------------
/opt/airflow/dags/dag_entregable3.py                           0           1  0.62s           2024-05-30T01:45:06
================================================================================
[2024-05-30 01:45:41,998] {manager.py:809} INFO - 
================================================================================
DAG File Processing Stats

File Path                             PID    Runtime      # DAGs    # Errors  Last Runtime    Last Run
------------------------------------  -----  ---------  --------  ----------  --------------  -------------------
/opt/airflow/dags/dag_entregable3.py                           0           1  0.60s           2024-05-30T01:45:37
================================================================================
[2024-05-30 01:46:12,668] {manager.py:809} INFO - 
================================================================================
DAG File Processing Stats

File Path                             PID    Runtime      # DAGs    # Errors  Last Runtime    Last Run
------------------------------------  -----  ---------  --------  ----------  --------------  -------------------
/opt/airflow/dags/dag_entregable3.py                           0           1  0.61s           2024-05-30T01:46:09
================================================================================
[2024-05-30 01:46:42,962] {manager.py:809} INFO - 
================================================================================
DAG File Processing Stats

File Path                             PID    Runtime      # DAGs    # Errors  Last Runtime    Last Run
------------------------------------  -----  ---------  --------  ----------  --------------  -------------------
/opt/airflow/dags/dag_entregable3.py                           0           1  0.58s           2024-05-30T01:46:42
================================================================================
[2024-05-30 01:47:13,132] {manager.py:809} INFO - 
================================================================================
DAG File Processing Stats

File Path                             PID    Runtime      # DAGs    # Errors  Last Runtime    Last Run
------------------------------------  -----  ---------  --------  ----------  --------------  -------------------
/opt/airflow/dags/dag_entregable3.py                           0           1  0.74s           2024-05-30T01:47:03
================================================================================
[2024-05-30 01:47:43,366] {manager.py:809} INFO - 
================================================================================
DAG File Processing Stats

File Path                             PID    Runtime      # DAGs    # Errors  Last Runtime    Last Run
------------------------------------  -----  ---------  --------  ----------  --------------  -------------------
/opt/airflow/dags/dag_entregable3.py                           0           1  0.52s           2024-05-30T01:47:35
================================================================================
[2024-05-30 01:48:13,486] {manager.py:809} INFO - 
================================================================================
DAG File Processing Stats

File Path                             PID    Runtime      # DAGs    # Errors  Last Runtime    Last Run
------------------------------------  -----  ---------  --------  ----------  --------------  -------------------
/opt/airflow/dags/dag_entregable3.py                           0           1  0.80s           2024-05-30T01:48:07
================================================================================
[2024-05-30 01:48:43,825] {manager.py:809} INFO - 
================================================================================
DAG File Processing Stats

File Path                             PID    Runtime      # DAGs    # Errors  Last Runtime    Last Run
------------------------------------  -----  ---------  --------  ----------  --------------  -------------------
/opt/airflow/dags/dag_entregable3.py                           0           1  0.58s           2024-05-30T01:48:39
================================================================================
[2024-05-30 01:49:11,067] {manager.py:690} INFO - Searching for files in /opt/airflow/dags
[2024-05-30 01:49:11,100] {manager.py:693} INFO - There are 1 files in /opt/airflow/dags
[2024-05-30 01:49:14,130] {manager.py:809} INFO - 
================================================================================
DAG File Processing Stats

File Path                             PID    Runtime      # DAGs    # Errors  Last Runtime    Last Run
------------------------------------  -----  ---------  --------  ----------  --------------  -------------------
/opt/airflow/dags/dag_entregable3.py                           0           1  0.56s           2024-05-30T01:49:11
================================================================================
[2024-05-30 01:49:44,206] {manager.py:809} INFO - 
================================================================================
DAG File Processing Stats

File Path                             PID    Runtime      # DAGs    # Errors  Last Runtime    Last Run
------------------------------------  -----  ---------  --------  ----------  --------------  -------------------
/opt/airflow/dags/dag_entregable3.py                           0           1  0.53s           2024-05-30T01:49:43
================================================================================
[2024-05-30 01:50:14,566] {manager.py:809} INFO - 
================================================================================
DAG File Processing Stats

File Path                               PID  Runtime      # DAGs    # Errors  Last Runtime    Last Run
------------------------------------  -----  ---------  --------  ----------  --------------  -------------------
/opt/airflow/dags/dag_entregable3.py    377  0.01s             0           1  0.65s           2024-05-30T01:50:04
================================================================================
[2024-05-30 01:50:44,830] {manager.py:809} INFO - 
================================================================================
DAG File Processing Stats

File Path                             PID    Runtime      # DAGs    # Errors  Last Runtime    Last Run
------------------------------------  -----  ---------  --------  ----------  --------------  -------------------
/opt/airflow/dags/dag_entregable3.py                           0           1  0.72s           2024-05-30T01:50:36
================================================================================
[2024-05-30 01:51:14,832] {manager.py:809} INFO - 
================================================================================
DAG File Processing Stats

File Path                             PID    Runtime      # DAGs    # Errors  Last Runtime    Last Run
------------------------------------  -----  ---------  --------  ----------  --------------  -------------------
/opt/airflow/dags/dag_entregable3.py                           0           1  0.61s           2024-05-30T01:51:11
================================================================================
[2024-05-30 01:51:45,014] {manager.py:809} INFO - 
================================================================================
DAG File Processing Stats

File Path                             PID    Runtime      # DAGs    # Errors  Last Runtime    Last Run
------------------------------------  -----  ---------  --------  ----------  --------------  -------------------
/opt/airflow/dags/dag_entregable3.py                           0           1  0.58s           2024-05-30T01:51:43
================================================================================
[2024-05-30 01:52:15,634] {manager.py:809} INFO - 
================================================================================
DAG File Processing Stats

File Path                             PID    Runtime      # DAGs    # Errors  Last Runtime    Last Run
------------------------------------  -----  ---------  --------  ----------  --------------  -------------------
/opt/airflow/dags/dag_entregable3.py                           0           1  0.70s           2024-05-30T01:52:14
================================================================================
[2024-05-30 01:52:25,490] {manager.py:462} INFO - Exiting gracefully upon receiving signal 15
[2024-05-30 01:52:25,740] {manager.py:462} INFO - Exiting gracefully upon receiving signal 15
[2024-05-30 01:52:26,327] {manager.py:462} INFO - Exiting gracefully upon receiving signal 15
[2024-05-30 01:57:40,454] {manager.py:480} INFO - Processing files using up to 2 processes at a time 
[2024-05-30 01:57:40,455] {manager.py:481} INFO - Process each file at most once every 10 seconds
[2024-05-30 01:57:40,457] {manager.py:483} INFO - Checking for new files in /opt/airflow/dags every 300 seconds
[2024-05-30 01:57:40,458] {manager.py:690} INFO - Searching for files in /opt/airflow/dags
[2024-05-30 01:57:40,496] {manager.py:693} INFO - There are 1 files in /opt/airflow/dags
[2024-05-30 01:57:40,571] {manager.py:809} INFO - 
================================================================================
DAG File Processing Stats

File Path                               PID  Runtime      # DAGs    # Errors  Last Runtime    Last Run
------------------------------------  -----  ---------  --------  ----------  --------------  ----------
/opt/airflow/dags/dag_entregable3.py    173  0.02s             0           0
================================================================================
[2024-05-30 01:58:10,877] {manager.py:809} INFO - 
================================================================================
DAG File Processing Stats

File Path                             PID    Runtime      # DAGs    # Errors  Last Runtime    Last Run
------------------------------------  -----  ---------  --------  ----------  --------------  -------------------
/opt/airflow/dags/dag_entregable3.py                           0           1  0.64s           2024-05-30T01:58:03
================================================================================
[2024-05-30 01:58:29,656] {manager.py:462} INFO - Exiting gracefully upon receiving signal 15
[2024-05-30 02:08:23,731] {manager.py:480} INFO - Processing files using up to 2 processes at a time 
[2024-05-30 02:08:23,732] {manager.py:481} INFO - Process each file at most once every 10 seconds
[2024-05-30 02:08:23,733] {manager.py:483} INFO - Checking for new files in /opt/airflow/dags every 300 seconds
[2024-05-30 02:08:23,733] {manager.py:690} INFO - Searching for files in /opt/airflow/dags
[2024-05-30 02:08:23,768] {manager.py:693} INFO - There are 1 files in /opt/airflow/dags
[2024-05-30 02:08:23,853] {manager.py:809} INFO - 
================================================================================
DAG File Processing Stats

File Path                               PID  Runtime      # DAGs    # Errors  Last Runtime    Last Run
------------------------------------  -----  ---------  --------  ----------  --------------  ----------
/opt/airflow/dags/dag_entregable3.py    172  0.02s             0           0
================================================================================
[2024-05-30 02:08:53,995] {manager.py:809} INFO - 
================================================================================
DAG File Processing Stats

File Path                             PID    Runtime      # DAGs    # Errors  Last Runtime    Last Run
------------------------------------  -----  ---------  --------  ----------  --------------  -------------------
/opt/airflow/dags/dag_entregable3.py                           0           1  0.63s           2024-05-30T02:08:46
================================================================================
[2024-05-30 02:09:24,288] {manager.py:809} INFO - 
================================================================================
DAG File Processing Stats

File Path                             PID    Runtime      # DAGs    # Errors  Last Runtime    Last Run
------------------------------------  -----  ---------  --------  ----------  --------------  -------------------
/opt/airflow/dags/dag_entregable3.py                           0           1  0.57s           2024-05-30T02:09:18
================================================================================
[2024-05-30 02:09:54,376] {manager.py:809} INFO - 
================================================================================
DAG File Processing Stats

File Path                             PID    Runtime      # DAGs    # Errors  Last Runtime    Last Run
------------------------------------  -----  ---------  --------  ----------  --------------  -------------------
/opt/airflow/dags/dag_entregable3.py                           0           1  0.59s           2024-05-30T02:09:50
================================================================================
[2024-05-30 02:10:25,106] {manager.py:809} INFO - 
================================================================================
DAG File Processing Stats

File Path                             PID    Runtime      # DAGs    # Errors  Last Runtime    Last Run
------------------------------------  -----  ---------  --------  ----------  --------------  -------------------
/opt/airflow/dags/dag_entregable3.py                           0           1  0.52s           2024-05-30T02:10:22
================================================================================
[2024-05-30 02:10:55,407] {manager.py:809} INFO - 
================================================================================
DAG File Processing Stats

File Path                             PID    Runtime      # DAGs    # Errors  Last Runtime    Last Run
------------------------------------  -----  ---------  --------  ----------  --------------  -------------------
/opt/airflow/dags/dag_entregable3.py                           0           1  0.60s           2024-05-30T02:10:53
================================================================================
[2024-05-30 02:11:25,681] {manager.py:809} INFO - 
================================================================================
DAG File Processing Stats

File Path                               PID  Runtime      # DAGs    # Errors  Last Runtime    Last Run
------------------------------------  -----  ---------  --------  ----------  --------------  -------------------
/opt/airflow/dags/dag_entregable3.py    275  0.48s             0           1  0.53s           2024-05-30T02:11:15
================================================================================
[2024-05-30 02:11:55,847] {manager.py:809} INFO - 
================================================================================
DAG File Processing Stats

File Path                             PID    Runtime      # DAGs    # Errors  Last Runtime    Last Run
------------------------------------  -----  ---------  --------  ----------  --------------  -------------------
/opt/airflow/dags/dag_entregable3.py                           0           1  0.65s           2024-05-30T02:11:47
================================================================================
[2024-05-30 02:12:26,023] {manager.py:809} INFO - 
================================================================================
DAG File Processing Stats

File Path                             PID    Runtime      # DAGs    # Errors  Last Runtime    Last Run
------------------------------------  -----  ---------  --------  ----------  --------------  -------------------
/opt/airflow/dags/dag_entregable3.py                           0           1  0.57s           2024-05-30T02:12:18
================================================================================
[2024-05-30 02:12:56,675] {manager.py:809} INFO - 
================================================================================
DAG File Processing Stats

File Path                             PID    Runtime      # DAGs    # Errors  Last Runtime    Last Run
------------------------------------  -----  ---------  --------  ----------  --------------  -------------------
/opt/airflow/dags/dag_entregable3.py                           0           1  0.54s           2024-05-30T02:12:50
================================================================================
[2024-05-30 02:13:23,773] {manager.py:690} INFO - Searching for files in /opt/airflow/dags
[2024-05-30 02:13:23,810] {manager.py:693} INFO - There are 1 files in /opt/airflow/dags
[2024-05-30 02:13:26,850] {manager.py:809} INFO - 
================================================================================
DAG File Processing Stats

File Path                             PID    Runtime      # DAGs    # Errors  Last Runtime    Last Run
------------------------------------  -----  ---------  --------  ----------  --------------  -------------------
/opt/airflow/dags/dag_entregable3.py                           0           1  0.70s           2024-05-30T02:13:22
================================================================================
[2024-05-30 02:13:57,576] {manager.py:809} INFO - 
================================================================================
DAG File Processing Stats

File Path                             PID    Runtime      # DAGs    # Errors  Last Runtime    Last Run
------------------------------------  -----  ---------  --------  ----------  --------------  -------------------
/opt/airflow/dags/dag_entregable3.py                           0           1  0.57s           2024-05-30T02:13:54
================================================================================
[2024-05-30 02:14:27,822] {manager.py:809} INFO - 
================================================================================
DAG File Processing Stats

File Path                             PID    Runtime      # DAGs    # Errors  Last Runtime    Last Run
------------------------------------  -----  ---------  --------  ----------  --------------  -------------------
/opt/airflow/dags/dag_entregable3.py                           0           1  0.70s           2024-05-30T02:14:26
================================================================================
[2024-05-30 02:14:57,951] {manager.py:809} INFO - 
================================================================================
DAG File Processing Stats

File Path                             PID    Runtime      # DAGs    # Errors  Last Runtime    Last Run
------------------------------------  -----  ---------  --------  ----------  --------------  -------------------
/opt/airflow/dags/dag_entregable3.py                           0           1  0.69s           2024-05-30T02:14:48
================================================================================
[2024-05-30 02:15:28,187] {manager.py:809} INFO - 
================================================================================
DAG File Processing Stats

File Path                             PID    Runtime      # DAGs    # Errors  Last Runtime    Last Run
------------------------------------  -----  ---------  --------  ----------  --------------  -------------------
/opt/airflow/dags/dag_entregable3.py                           0           1  0.57s           2024-05-30T02:15:20
================================================================================
[2024-05-30 02:15:58,291] {manager.py:809} INFO - 
================================================================================
DAG File Processing Stats

File Path                             PID    Runtime      # DAGs    # Errors  Last Runtime    Last Run
------------------------------------  -----  ---------  --------  ----------  --------------  -------------------
/opt/airflow/dags/dag_entregable3.py                           0           1  0.80s           2024-05-30T02:15:52
================================================================================
[2024-05-30 02:16:28,489] {manager.py:809} INFO - 
================================================================================
DAG File Processing Stats

File Path                             PID    Runtime      # DAGs    # Errors  Last Runtime    Last Run
------------------------------------  -----  ---------  --------  ----------  --------------  -------------------
/opt/airflow/dags/dag_entregable3.py                           0           1  0.64s           2024-05-30T02:16:24
================================================================================
[2024-05-30 02:16:33,289] {manager.py:462} INFO - Exiting gracefully upon receiving signal 15
[2024-05-30 02:16:59,943] {manager.py:480} INFO - Processing files using up to 2 processes at a time 
[2024-05-30 02:16:59,943] {manager.py:481} INFO - Process each file at most once every 10 seconds
[2024-05-30 02:16:59,944] {manager.py:483} INFO - Checking for new files in /opt/airflow/dags every 300 seconds
[2024-05-30 02:16:59,945] {manager.py:690} INFO - Searching for files in /opt/airflow/dags
[2024-05-30 02:16:59,989] {manager.py:693} INFO - There are 1 files in /opt/airflow/dags
[2024-05-30 02:17:00,113] {manager.py:809} INFO - 
================================================================================
DAG File Processing Stats

File Path                               PID  Runtime      # DAGs    # Errors  Last Runtime    Last Run
------------------------------------  -----  ---------  --------  ----------  --------------  ----------
/opt/airflow/dags/dag_entregable3.py    172  0.03s             0           0
================================================================================
[2024-05-30 02:17:30,325] {manager.py:809} INFO - 
================================================================================
DAG File Processing Stats

File Path                             PID    Runtime      # DAGs    # Errors  Last Runtime    Last Run
------------------------------------  -----  ---------  --------  ----------  --------------  -------------------
/opt/airflow/dags/dag_entregable3.py                           0           1  0.69s           2024-05-30T02:17:22
================================================================================
[2024-05-30 02:18:00,544] {manager.py:809} INFO - 
================================================================================
DAG File Processing Stats

File Path                             PID    Runtime      # DAGs    # Errors  Last Runtime    Last Run
------------------------------------  -----  ---------  --------  ----------  --------------  -------------------
/opt/airflow/dags/dag_entregable3.py                           0           1  0.73s           2024-05-30T02:17:55
================================================================================
[2024-05-30 02:18:30,707] {manager.py:809} INFO - 
================================================================================
DAG File Processing Stats

File Path                             PID    Runtime      # DAGs    # Errors  Last Runtime    Last Run
------------------------------------  -----  ---------  --------  ----------  --------------  -------------------
/opt/airflow/dags/dag_entregable3.py                           0           1  0.65s           2024-05-30T02:18:27
================================================================================
[2024-05-30 02:19:01,195] {manager.py:809} INFO - 
================================================================================
DAG File Processing Stats

File Path                             PID    Runtime      # DAGs    # Errors  Last Runtime    Last Run
------------------------------------  -----  ---------  --------  ----------  --------------  -------------------
/opt/airflow/dags/dag_entregable3.py                           0           1  0.67s           2024-05-30T02:18:59
================================================================================
[2024-05-30 02:19:31,302] {manager.py:809} INFO - 
================================================================================
DAG File Processing Stats

File Path                             PID    Runtime      # DAGs    # Errors  Last Runtime    Last Run
------------------------------------  -----  ---------  --------  ----------  --------------  -------------------
/opt/airflow/dags/dag_entregable3.py                           0           1  0.58s           2024-05-30T02:19:31
================================================================================
[2024-05-30 02:20:01,526] {manager.py:809} INFO - 
================================================================================
DAG File Processing Stats

File Path                             PID    Runtime      # DAGs    # Errors  Last Runtime    Last Run
------------------------------------  -----  ---------  --------  ----------  --------------  -------------------
/opt/airflow/dags/dag_entregable3.py                           0           1  0.53s           2024-05-30T02:19:52
================================================================================
[2024-05-30 02:20:32,221] {manager.py:809} INFO - 
================================================================================
DAG File Processing Stats

File Path                             PID    Runtime      # DAGs    # Errors  Last Runtime    Last Run
------------------------------------  -----  ---------  --------  ----------  --------------  -------------------
/opt/airflow/dags/dag_entregable3.py                           0           1  0.68s           2024-05-30T02:20:24
================================================================================
[2024-05-30 02:21:02,412] {manager.py:809} INFO - 
================================================================================
DAG File Processing Stats

File Path                             PID    Runtime      # DAGs    # Errors  Last Runtime    Last Run
------------------------------------  -----  ---------  --------  ----------  --------------  -------------------
/opt/airflow/dags/dag_entregable3.py                           0           1  0.55s           2024-05-30T02:20:56
================================================================================
[2024-05-30 02:21:14,996] {manager.py:462} INFO - Exiting gracefully upon receiving signal 15
